{"ts":1744192435290,"action":"PROJECT_OPENED","tags":{"PROJECT_NAME":"javaHW-09-JDBC-Hib-Batis"}}
{"ts":1744192436158,"action":"FILE_OPENED","file":"/src/main/java/org/example/Main.java","tags":{"FILE_LINE_OF_CODE":"17"}}
{"ts":1744192436317,"action":"FILE_CLOSED","file":"/src/main/java/org/example/Main.java","tags":{"FILE_LINE_OF_CODE":"17"}}
{"ts":1744192436591,"action":"FILE_OPENED","file":"/pom.xml","tags":{"FILE_LINE_OF_CODE":"17"}}
{"ts":1744192529563,"action":"FILE_CLOSED","file":"/pom.xml","tags":{"FILE_LINE_OF_CODE":"205"}}
{"ts":1744192529563,"action":"FILE_OPENED","file":"/src/main/java/org/example/Main.java","tags":{"FILE_LINE_OF_CODE":"17"}}
{"ts":1744192613864,"action":"FILE_OPENED","file":"/README.md","tags":{"FILE_LINE_OF_CODE":"126"}}
{"ts":1744192626851,"action":"FILE_CLOSED","file":"/README.md","tags":{"FILE_LINE_OF_CODE":"126"}}
{"ts":1744192626875,"action":"FILE_OPENED","file":"/src/main/java/org/example/Main.java","tags":{"FILE_LINE_OF_CODE":"26"}}
{"ts":1744192651784,"action":"IDE_DEACTIVATED"}
{"ts":1744192656081,"action":"IDE_ACTIVATED"}
{"ts":1744192664965,"action":"IDE_DEACTIVATED"}
{"ts":1744192842507,"action":"IDE_ACTIVATED"}
{"ts":1744192897390,"action":"FILE_CLOSED","file":"/src/main/java/org/example/Main.java","tags":{"FILE_LINE_OF_CODE":"26"}}
{"ts":1744192897451,"action":"FILE_OPENED","file":"/src/main/java/org/example/repositories/readme.md","tags":{"FILE_LINE_OF_CODE":"53"}}
{"ts":1744192908806,"action":"FILE_CLOSED","file":"/src/main/java/org/example/repositories/readme.md","tags":{"FILE_LINE_OF_CODE":"53"}}
{"ts":1744192908806,"action":"FILE_OPENED","file":"/src/main/java/org/example/Main.java","tags":{"FILE_LINE_OF_CODE":"26"}}
{"ts":1744192915805,"action":"FILE_CLOSED","file":"/src/main/java/org/example/Main.java","tags":{"FILE_LINE_OF_CODE":"26"}}
{"ts":1744192915830,"action":"FILE_OPENED","file":"/src/main/java/org/example/service/MethodsForWorkDBsave.java","tags":{"FILE_LINE_OF_CODE":"25"}}
{"ts":1744192932423,"action":"FILE_OPENED","file":"/src/main/java/org/example/Main.java","tags":{"FILE_LINE_OF_CODE":"26"}}
{"ts":1744192935532,"action":"FILE_CLOSED","file":"/src/main/java/org/example/Main.java","tags":{"FILE_LINE_OF_CODE":"26"}}
{"ts":1744192935554,"action":"FILE_OPENED","file":"/src/main/java/org/example/service/MethodsForWorkDB.java","tags":{"FILE_LINE_OF_CODE":"8"}}
{"ts":1744192937515,"action":"FILE_CLOSED","file":"/src/main/java/org/example/service/MethodsForWorkDB.java","tags":{"FILE_LINE_OF_CODE":"8"}}
{"ts":1744192937542,"action":"FILE_OPENED","file":"/src/main/java/org/example/service/MethodsForWorkDB1.java","tags":{"FILE_LINE_OF_CODE":"23"}}
{"ts":1744192942884,"action":"FILE_CLOSED","file":"/src/main/java/org/example/service/MethodsForWorkDB1.java","tags":{"FILE_LINE_OF_CODE":"23"}}
{"ts":1744192942885,"action":"FILE_OPENED","file":"/src/main/java/org/example/service/MethodsForWorkDB.java","tags":{"FILE_LINE_OF_CODE":"8"}}
{"ts":1744192958939,"action":"FILE_CLOSED","file":"/src/main/java/org/example/service/MethodsForWorkDB.java","tags":{"FILE_LINE_OF_CODE":"8"}}
{"ts":1744192958939,"action":"FILE_OPENED","file":"/src/main/java/org/example/service/MethodsForWorkDB1.java","tags":{"FILE_LINE_OF_CODE":"23"}}
{"ts":1744193028986,"action":"FILE_CLOSED","file":"/src/main/java/org/example/service/BasesMethods.java","tags":{"FILE_LINE_OF_CODE":"23"}}
{"ts":1744193028986,"action":"FILE_OPENED","file":"/src/main/java/org/example/service/MethodsForWorkDB.java","tags":{"FILE_LINE_OF_CODE":"8"}}
{"ts":1744193092732,"action":"FILE_CLOSED","file":"/src/main/java/org/example/service/ChildObjects.java","tags":{"FILE_LINE_OF_CODE":"8"}}
{"ts":1744193092732,"action":"FILE_OPENED","file":"/README.md","tags":{"FILE_LINE_OF_CODE":"126"}}
{"ts":1744193256278,"action":"FILE_CLOSED","file":"/README.md","tags":{"FILE_LINE_OF_CODE":"149"}}
{"ts":1744193265400,"action":"FILE_OPENED","file":"/src/main/java/org/example/Main.java","tags":{"FILE_LINE_OF_CODE":"26"}}
{"ts":1744193514525,"action":"FILE_CLOSED","file":"/src/main/java/org/example/Main.java","tags":{"FILE_LINE_OF_CODE":"36"}}
{"ts":1744193514549,"action":"FILE_OPENED","file":"/src/main/java/org/example/configs/JDBCManager.java","tags":{"FILE_LINE_OF_CODE":"20"}}
{"ts":1744193532652,"action":"IDE_DEACTIVATED"}
{"ts":1744193616478,"action":"IDE_ACTIVATED"}
{"ts":1744193618074,"action":"FILE_CLOSED","file":"/src/main/java/org/example/configs/JDBCManager.java","tags":{"FILE_LINE_OF_CODE":"20"}}
{"ts":1744193618133,"action":"FILE_OPENED","file":"/src/main/java/org/example/configs/ConnectionManager.java","tags":{"FILE_LINE_OF_CODE":"30"}}
{"ts":1744193646162,"action":"FILE_CLOSED","file":"/src/main/java/org/example/configs/ConnectionManager.java","tags":{"FILE_LINE_OF_CODE":"30"}}
{"ts":1744193646186,"action":"FILE_OPENED","file":"/src/main/java/org/example/utils/PropertyUtil.java","tags":{"FILE_LINE_OF_CODE":"30"}}
{"ts":1744193669333,"action":"FILE_CLOSED","file":"/src/main/java/org/example/utils/PropertyUtil.java","tags":{"FILE_LINE_OF_CODE":"30"}}
{"ts":1744193669333,"action":"FILE_OPENED","file":"/src/main/java/org/example/configs/ConnectionManager.java","tags":{"FILE_LINE_OF_CODE":"30"}}
{"ts":1744193722163,"action":"FILE_CLOSED","file":"/src/main/java/org/example/configs/ConnectionManager.java","tags":{"FILE_LINE_OF_CODE":"30"}}
{"ts":1744193722163,"action":"FILE_OPENED","file":"/src/main/java/org/example/Main.java","tags":{"FILE_LINE_OF_CODE":"36"}}
{"ts":1744193724899,"action":"FILE_CLOSED","file":"/src/main/java/org/example/Main.java","tags":{"FILE_LINE_OF_CODE":"36"}}
{"ts":1744193724899,"action":"FILE_OPENED","file":"/src/main/java/org/example/configs/ConnectionManager.java","tags":{"FILE_LINE_OF_CODE":"30"}}
{"ts":1744193727820,"action":"FILE_CLOSED","file":"/src/main/java/org/example/configs/ConnectionManager.java","tags":{"FILE_LINE_OF_CODE":"30"}}
{"ts":1744193727820,"action":"FILE_OPENED","file":"/src/main/java/org/example/configs/JDBCManager.java","tags":{"FILE_LINE_OF_CODE":"20"}}
{"ts":1744193784140,"action":"FILE_CLOSED","file":"/src/main/java/org/example/configs/JDBCManager.java","tags":{"FILE_LINE_OF_CODE":"20"}}
{"ts":1744193784169,"action":"FILE_OPENED","file":"/src/main/java/org/example/configs/MyBatisConfig.java","tags":{"FILE_LINE_OF_CODE":"208"}}
{"ts":1744193855925,"action":"FILE_CLOSED","file":"/src/main/java/org/example/configs/MyBatisConfig.java","tags":{"FILE_LINE_OF_CODE":"208"}}
{"ts":1744193855925,"action":"FILE_OPENED","file":"/src/main/java/org/example/configs/JDBCManager.java","tags":{"FILE_LINE_OF_CODE":"20"}}
{"ts":1744193857808,"action":"FILE_CLOSED","file":"/src/main/java/org/example/configs/JDBCManager.java","tags":{"FILE_LINE_OF_CODE":"20"}}
{"ts":1744193857808,"action":"FILE_OPENED","file":"/src/main/java/org/example/configs/ConnectionManager.java","tags":{"FILE_LINE_OF_CODE":"30"}}
{"ts":1744193865987,"action":"FILE_CLOSED","file":"/src/main/java/org/example/configs/ConnectionManager.java","tags":{"FILE_LINE_OF_CODE":"30"}}
{"ts":1744193866011,"action":"FILE_OPENED","file":"/src/main/resources/application.properties","tags":{"FILE_LINE_OF_CODE":"3"}}
{"ts":1744193870589,"action":"FILE_CLOSED","file":"/src/main/resources/application.properties","tags":{"FILE_LINE_OF_CODE":"3"}}
{"ts":1744193870589,"action":"FILE_OPENED","file":"/src/main/java/org/example/configs/ConnectionManager.java","tags":{"FILE_LINE_OF_CODE":"30"}}
{"ts":1744193926807,"action":"FILE_CLOSED","file":"/src/main/java/org/example/configs/ConnectionManager.java","tags":{"FILE_LINE_OF_CODE":"30"}}
{"ts":1744193926807,"action":"FILE_OPENED","file":"/src/main/java/org/example/configs/JDBCManager.java","tags":{"FILE_LINE_OF_CODE":"20"}}
{"ts":1744193933927,"action":"FILE_CLOSED","file":"/src/main/java/org/example/configs/JDBCManager.java","tags":{"FILE_LINE_OF_CODE":"20"}}
{"ts":1744193933927,"action":"FILE_OPENED","file":"/src/main/java/org/example/configs/MyBatisConfig.java","tags":{"FILE_LINE_OF_CODE":"208"}}
{"ts":1744193936524,"action":"FILE_CLOSED","file":"/src/main/java/org/example/configs/MyBatisConfig.java","tags":{"FILE_LINE_OF_CODE":"208"}}
{"ts":1744193936524,"action":"FILE_OPENED","file":"/src/main/java/org/example/configs/JDBCManager.java","tags":{"FILE_LINE_OF_CODE":"20"}}
{"ts":1744193937159,"action":"FILE_CLOSED","file":"/src/main/java/org/example/configs/JDBCManager.java","tags":{"FILE_LINE_OF_CODE":"20"}}
{"ts":1744193937159,"action":"FILE_OPENED","file":"/src/main/java/org/example/Main.java","tags":{"FILE_LINE_OF_CODE":"36"}}
{"ts":1744193957011,"action":"FILE_CLOSED","file":"/src/main/java/org/example/Main.java","tags":{"FILE_LINE_OF_CODE":"36"}}
{"ts":1744193957039,"action":"FILE_OPENED","file":"/src/main/java/org/example/configs/HibernateManager.java","tags":{"FILE_LINE_OF_CODE":"23"}}
{"ts":1744193958810,"action":"FILE_CLOSED","file":"/src/main/java/org/example/configs/HibernateManager.java","tags":{"FILE_LINE_OF_CODE":"23"}}
{"ts":1744193958810,"action":"FILE_OPENED","file":"/src/main/java/org/example/configs/JDBCManager.java","tags":{"FILE_LINE_OF_CODE":"20"}}
{"ts":1744193986246,"action":"FILE_CLOSED","file":"/src/main/java/org/example/configs/JDBCManager.java","tags":{"FILE_LINE_OF_CODE":"20"}}
{"ts":1744193986246,"action":"FILE_OPENED","file":"/src/main/java/org/example/configs/MyBatisConfig.java","tags":{"FILE_LINE_OF_CODE":"208"}}
{"ts":1744193994687,"action":"FILE_CLOSED","file":"/src/main/java/org/example/configs/MyBatisConfig.java","tags":{"FILE_LINE_OF_CODE":"208"}}
{"ts":1744193994687,"action":"FILE_OPENED","file":"/src/main/java/org/example/configs/JDBCManager.java","tags":{"FILE_LINE_OF_CODE":"20"}}
{"ts":1744194593200,"action":"IDE_DEACTIVATED"}
{"ts":1744194602380,"action":"IDE_ACTIVATED"}
{"ts":1744194604114,"action":"IDE_DEACTIVATED"}
{"ts":1744194615971,"action":"IDE_ACTIVATED"}
{"ts":1744196155242,"action":"IDE_DEACTIVATED"}
{"ts":1744196170496,"action":"IDE_ACTIVATED"}
{"ts":1744196676422,"action":"IDE_DEACTIVATED"}
{"ts":1744196676455,"action":"IDE_ACTIVATED"}
{"ts":1744196679956,"action":"IDE_DEACTIVATED"}
{"ts":1744196684771,"action":"IDE_ACTIVATED"}
{"ts":1744196758971,"action":"IDE_DEACTIVATED"}
{"ts":1744196765217,"action":"IDE_ACTIVATED"}
{"ts":1744197155902,"action":"IDE_DEACTIVATED"}
{"ts":1744197157662,"action":"IDE_ACTIVATED"}
{"ts":1744197303996,"action":"IDE_DEACTIVATED"}
{"ts":1744197323070,"action":"IDE_ACTIVATED"}
{"ts":1744197649949,"action":"IDE_DEACTIVATED"}
{"ts":1744197651543,"action":"IDE_ACTIVATED"}
{"ts":1744197734192,"action":"IDE_DEACTIVATED"}
{"ts":1744197793860,"action":"IDE_ACTIVATED"}
{"ts":1744199436320,"action":"IDE_DEACTIVATED"}
{"ts":1744199460150,"action":"IDE_ACTIVATED"}
{"ts":1744199492592,"action":"IDE_DEACTIVATED"}
{"ts":1744199561576,"action":"IDE_ACTIVATED"}
{"ts":1744200852225,"action":"IDE_DEACTIVATED"}
{"ts":1744200944252,"action":"IDE_ACTIVATED"}
{"ts":1744201185072,"action":"IDE_DEACTIVATED"}
{"ts":1744201267650,"action":"IDE_ACTIVATED"}
{"ts":1744201349853,"action":"IDE_DEACTIVATED"}
{"ts":1744201349947,"action":"IDE_ACTIVATED"}
{"ts":1744201357669,"action":"IDE_DEACTIVATED"}
{"ts":1744201358644,"action":"IDE_ACTIVATED"}
{"ts":1744201381461,"action":"IDE_DEACTIVATED"}
{"ts":1744201381533,"action":"IDE_ACTIVATED"}
{"ts":1744201423762,"action":"IDE_DEACTIVATED"}
{"ts":1744201425515,"action":"IDE_ACTIVATED"}
{"ts":1744201426542,"action":"IDE_DEACTIVATED"}
{"ts":1744201427422,"action":"IDE_ACTIVATED"}
{"ts":1744201467849,"action":"IDE_DEACTIVATED"}
{"ts":1744201467953,"action":"IDE_ACTIVATED"}
{"ts":1744201535464,"action":"IDE_DEACTIVATED"}
{"ts":1744201536544,"action":"IDE_ACTIVATED"}
{"ts":1744201632767,"action":"IDE_DEACTIVATED"}
{"ts":1744201634715,"action":"IDE_ACTIVATED"}
{"ts":1744201656519,"action":"IDE_DEACTIVATED"}
{"ts":1744201657280,"action":"IDE_ACTIVATED"}
{"ts":1744201659190,"action":"IDE_DEACTIVATED"}
{"ts":1744201659279,"action":"IDE_ACTIVATED"}
{"ts":1744201741635,"action":"IDE_DEACTIVATED"}
{"ts":1744201741707,"action":"IDE_ACTIVATED"}
{"ts":1744201810336,"action":"IDE_DEACTIVATED"}
{"ts":1744201810398,"action":"IDE_ACTIVATED"}
{"ts":1744201897861,"action":"IDE_DEACTIVATED"}
{"ts":1744201926047,"action":"IDE_ACTIVATED"}
{"ts":1744202004297,"action":"IDE_DEACTIVATED"}
{"ts":1744202108771,"action":"IDE_ACTIVATED"}
{"ts":1744202113001,"action":"IDE_DEACTIVATED"}
{"ts":1744202114138,"action":"IDE_ACTIVATED"}
{"ts":1744202178820,"action":"IDE_DEACTIVATED"}
{"ts":1744202191516,"action":"IDE_ACTIVATED"}
{"ts":1744202197395,"action":"IDE_DEACTIVATED"}
{"ts":1744202250014,"action":"IDE_ACTIVATED"}
{"ts":1744202293035,"action":"IDE_DEACTIVATED"}
{"ts":1744202293135,"action":"IDE_ACTIVATED"}
{"ts":1744202373162,"action":"IDE_DEACTIVATED"}
{"ts":1744202373256,"action":"IDE_ACTIVATED"}
{"ts":1744202376800,"action":"IDE_DEACTIVATED"}
{"ts":1744202381008,"action":"IDE_ACTIVATED"}
{"ts":1744202426447,"action":"IDE_DEACTIVATED"}
{"ts":1744202426581,"action":"IDE_ACTIVATED"}
{"ts":1744202474464,"action":"IDE_DEACTIVATED"}
{"ts":1744202475650,"action":"IDE_ACTIVATED"}
{"ts":1744202481486,"action":"IDE_DEACTIVATED"}
{"ts":1744202481608,"action":"IDE_ACTIVATED"}
{"ts":1744202510228,"action":"IDE_DEACTIVATED"}
{"ts":1744202510314,"action":"IDE_ACTIVATED"}
{"ts":1744202548222,"action":"IDE_DEACTIVATED"}
{"ts":1744202548301,"action":"IDE_ACTIVATED"}
{"ts":1744202627676,"action":"IDE_DEACTIVATED"}
{"ts":1744202628585,"action":"IDE_ACTIVATED"}
{"ts":1744202781473,"action":"IDE_DEACTIVATED"}
{"ts":1744202782308,"action":"IDE_ACTIVATED"}
{"ts":1744202783427,"action":"IDE_DEACTIVATED"}
{"ts":1744202785292,"action":"IDE_ACTIVATED"}
{"ts":1744202842521,"action":"IDE_DEACTIVATED"}
{"ts":1744202843716,"action":"IDE_ACTIVATED"}
{"ts":1744202844352,"action":"IDE_DEACTIVATED"}
{"ts":1744202845164,"action":"IDE_ACTIVATED"}
{"ts":1744202893660,"action":"IDE_DEACTIVATED"}
{"ts":1744202893677,"action":"IDE_ACTIVATED"}
{"ts":1744202893765,"action":"IDE_DEACTIVATED"}
{"ts":1744202896372,"action":"IDE_ACTIVATED"}
{"ts":1744202904336,"action":"IDE_DEACTIVATED"}
{"ts":1744202904432,"action":"IDE_ACTIVATED"}
{"ts":1744202917038,"action":"IDE_DEACTIVATED"}
{"ts":1744202988056,"action":"IDE_ACTIVATED"}
{"ts":1744203122765,"action":"IDE_DEACTIVATED"}
{"ts":1744203129925,"action":"IDE_ACTIVATED"}
{"ts":1744203144352,"action":"IDE_DEACTIVATED"}
{"ts":1744203144452,"action":"IDE_ACTIVATED"}
{"ts":1744203251243,"action":"IDE_DEACTIVATED"}
{"ts":1744203251314,"action":"IDE_ACTIVATED"}
{"ts":1744203286617,"action":"IDE_DEACTIVATED"}
{"ts":1744203286685,"action":"IDE_ACTIVATED"}
{"ts":1744203358643,"action":"IDE_DEACTIVATED"}
{"ts":1744203359528,"action":"IDE_ACTIVATED"}
{"ts":1744203486044,"action":"IDE_DEACTIVATED"}
{"ts":1744203487077,"action":"IDE_ACTIVATED"}
{"ts":1744203487981,"action":"IDE_DEACTIVATED"}
{"ts":1744203489279,"action":"IDE_ACTIVATED"}
{"ts":1744203489946,"action":"IDE_DEACTIVATED"}
{"ts":1744203491425,"action":"IDE_ACTIVATED"}
{"ts":1744203524510,"action":"IDE_DEACTIVATED"}
{"ts":1744203551770,"action":"IDE_ACTIVATED"}
{"ts":1744203559431,"action":"IDE_DEACTIVATED"}
{"ts":1744203635890,"action":"IDE_ACTIVATED"}
{"ts":1744203759231,"action":"IDE_DEACTIVATED"}
{"ts":1744203808026,"action":"IDE_ACTIVATED"}
{"ts":1744203978226,"action":"IDE_DEACTIVATED"}
{"ts":1744204008992,"action":"IDE_ACTIVATED"}
{"ts":1744204063845,"action":"IDE_DEACTIVATED"}
{"ts":1744204069914,"action":"IDE_ACTIVATED"}
{"ts":1744204073886,"action":"IDE_DEACTIVATED"}
{"ts":1744204074015,"action":"IDE_ACTIVATED"}
{"ts":1744204075131,"action":"IDE_DEACTIVATED"}
{"ts":1744204085240,"action":"IDE_ACTIVATED"}
{"ts":1744204125190,"action":"IDE_DEACTIVATED"}
{"ts":1744204166483,"action":"IDE_ACTIVATED"}
{"ts":1744204293699,"action":"IDE_DEACTIVATED"}
{"ts":1744204311678,"action":"IDE_ACTIVATED"}
{"ts":1744204336453,"action":"IDE_DEACTIVATED"}
{"ts":1744204339022,"action":"IDE_ACTIVATED"}
{"ts":1744204392031,"action":"IDE_DEACTIVATED"}
{"ts":1744204431562,"action":"IDE_ACTIVATED"}
{"ts":1744204764724,"action":"IDE_DEACTIVATED"}
{"ts":1744204810352,"action":"IDE_ACTIVATED"}
{"ts":1744204822111,"action":"IDE_DEACTIVATED"}
{"ts":1744204825626,"action":"IDE_ACTIVATED"}
{"ts":1744204827517,"action":"IDE_DEACTIVATED"}
{"ts":1744204832503,"action":"IDE_ACTIVATED"}
{"ts":1744204875919,"action":"IDE_DEACTIVATED"}
{"ts":1744204891140,"action":"IDE_ACTIVATED"}
{"ts":1744204919228,"action":"IDE_DEACTIVATED"}
{"ts":1744204928831,"action":"IDE_ACTIVATED"}
{"ts":1744204955060,"action":"IDE_DEACTIVATED"}
{"ts":1744204999431,"action":"IDE_ACTIVATED"}
{"ts":1744205100118,"action":"IDE_DEACTIVATED"}
{"ts":1744205113286,"action":"IDE_ACTIVATED"}
{"ts":1744205246016,"action":"IDE_DEACTIVATED"}
{"ts":1744205256277,"action":"IDE_ACTIVATED"}
{"ts":1744205271391,"action":"IDE_DEACTIVATED"}
{"ts":1744205291185,"action":"IDE_ACTIVATED"}
{"ts":1744205317014,"action":"IDE_DEACTIVATED"}
{"ts":1744205323044,"action":"IDE_ACTIVATED"}
{"ts":1744205332684,"action":"IDE_DEACTIVATED"}
{"ts":1744205351584,"action":"IDE_ACTIVATED"}
{"ts":1744205417388,"action":"IDE_DEACTIVATED"}
{"ts":1744205460256,"action":"IDE_ACTIVATED"}
{"ts":1744205486588,"action":"IDE_DEACTIVATED"}
{"ts":1744205531634,"action":"IDE_ACTIVATED"}
{"ts":1744205542319,"action":"IDE_DEACTIVATED"}
{"ts":1744205552394,"action":"IDE_ACTIVATED"}
{"ts":1744207628510,"action":"IDE_DEACTIVATED"}
{"ts":1744207628595,"action":"IDE_ACTIVATED"}
{"ts":1744208269068,"action":"IDE_DEACTIVATED"}
{"ts":1744208271928,"action":"IDE_ACTIVATED"}
{"ts":1744208300385,"action":"IDE_DEACTIVATED"}
{"ts":1744208300487,"action":"IDE_ACTIVATED"}
{"ts":1744210454938,"action":"IDE_DEACTIVATED"}
{"ts":1744210459339,"action":"IDE_ACTIVATED"}
{"ts":1744210461388,"action":"IDE_DEACTIVATED"}
{"ts":1744210466266,"action":"IDE_ACTIVATED"}
{"ts":1744217376761,"action":"IDE_DEACTIVATED"}
{"ts":1744217387716,"action":"IDE_ACTIVATED"}
{"ts":1744217394345,"action":"IDE_DEACTIVATED"}
{"ts":1744217486891,"action":"IDE_ACTIVATED"}
{"ts":1744217830898,"action":"IDE_DEACTIVATED"}
{"ts":1744218096146,"action":"IDE_ACTIVATED"}
{"ts":1744218194622,"action":"IDE_DEACTIVATED"}
{"ts":1744218324865,"action":"IDE_ACTIVATED"}
{"ts":1744218650154,"action":"IDE_DEACTIVATED"}
{"ts":1744218672961,"action":"IDE_ACTIVATED"}
{"ts":1744218774729,"action":"IDE_DEACTIVATED"}
{"ts":1744218778528,"action":"IDE_ACTIVATED"}
{"ts":1744219425811,"action":"IDE_DEACTIVATED"}
{"ts":1744219431571,"action":"IDE_ACTIVATED"}
{"ts":1744220574949,"action":"IDE_DEACTIVATED"}
{"ts":1744220575055,"action":"IDE_ACTIVATED"}
{"ts":1744220703751,"action":"IDE_DEACTIVATED"}
{"ts":1744220984869,"action":"IDE_ACTIVATED"}
{"ts":1744221031080,"action":"IDE_DEACTIVATED"}
{"ts":1744221552279,"action":"IDE_ACTIVATED"}
{"ts":1744221654004,"action":"IDE_DEACTIVATED"}
{"ts":1744221672494,"action":"IDE_ACTIVATED"}
{"ts":1744221721873,"action":"IDE_DEACTIVATED"}
{"ts":1744221728872,"action":"IDE_ACTIVATED"}
{"ts":1744221767495,"action":"IDE_DEACTIVATED"}
{"ts":1744221772777,"action":"IDE_ACTIVATED"}
{"ts":1744221799163,"action":"IDE_DEACTIVATED"}
{"ts":1744221806684,"action":"IDE_ACTIVATED"}
{"ts":1744221852802,"action":"IDE_DEACTIVATED"}
{"ts":1744221878402,"action":"IDE_ACTIVATED"}
{"ts":1744221906140,"action":"IDE_DEACTIVATED"}
{"ts":1744222279937,"action":"IDE_ACTIVATED"}
{"ts":1744222355702,"action":"IDE_DEACTIVATED"}
{"ts":1744222365376,"action":"IDE_ACTIVATED"}
{"ts":1744222987105,"action":"IDE_DEACTIVATED"}
{"ts":1744223033244,"action":"IDE_ACTIVATED"}
{"ts":1744223534755,"action":"IDE_DEACTIVATED"}
{"ts":1744223609953,"action":"IDE_ACTIVATED"}
{"ts":1744224494675,"action":"IDE_DEACTIVATED"}
{"ts":1744224603169,"action":"IDE_ACTIVATED"}
{"ts":1744224622249,"action":"IDE_DEACTIVATED"}
{"ts":1744224849717,"action":"IDE_ACTIVATED"}
{"ts":1744224885212,"action":"IDE_DEACTIVATED"}
{"ts":1744224893541,"action":"IDE_ACTIVATED"}
{"ts":1744225136793,"action":"IDE_DEACTIVATED"}
{"ts":1744225293862,"action":"IDE_ACTIVATED"}
{"ts":1744227521236,"action":"IDE_DEACTIVATED"}
{"ts":1744227525500,"action":"IDE_ACTIVATED"}
{"ts":1744228132937,"action":"IDE_DEACTIVATED"}
{"ts":1744228154406,"action":"IDE_ACTIVATED"}
{"ts":1744228227227,"action":"IDE_DEACTIVATED"}
{"ts":1744228294179,"action":"IDE_ACTIVATED"}
{"ts":1744228337507,"action":"IDE_DEACTIVATED"}
{"ts":1744228404670,"action":"IDE_ACTIVATED"}
{"ts":1744228460062,"action":"IDE_DEACTIVATED"}
{"ts":1744228463124,"action":"IDE_ACTIVATED"}
{"ts":1744228465886,"action":"IDE_DEACTIVATED"}
{"ts":1744228529997,"action":"IDE_ACTIVATED"}
{"ts":1744228661619,"action":"IDE_DEACTIVATED"}
{"ts":1744228678988,"action":"IDE_ACTIVATED"}
{"ts":1744228685525,"action":"IDE_DEACTIVATED"}
{"ts":1744228706633,"action":"IDE_ACTIVATED"}
{"ts":1744228768784,"action":"IDE_DEACTIVATED"}
{"ts":1744228780491,"action":"IDE_ACTIVATED"}
{"ts":1744228851784,"action":"IDE_DEACTIVATED"}
{"ts":1744228884640,"action":"IDE_ACTIVATED"}
{"ts":1744229032044,"action":"IDE_DEACTIVATED"}
{"ts":1744229052970,"action":"IDE_ACTIVATED"}
{"ts":1744229133458,"action":"IDE_DEACTIVATED"}
{"ts":1744229172465,"action":"IDE_ACTIVATED"}
{"ts":1744229174762,"action":"IDE_DEACTIVATED"}
{"ts":1744229201231,"action":"IDE_ACTIVATED"}
{"ts":1744229319833,"action":"IDE_DEACTIVATED"}
{"ts":1744229330605,"action":"IDE_ACTIVATED"}
{"ts":1744229385809,"action":"IDE_DEACTIVATED"}
{"ts":1744229544224,"action":"IDE_ACTIVATED"}
{"ts":1744230066968,"action":"IDE_DEACTIVATED"}
{"ts":1744230073911,"action":"IDE_ACTIVATED"}
{"ts":1744230294872,"action":"IDE_DEACTIVATED"}
{"ts":1744230300163,"action":"IDE_ACTIVATED"}
{"ts":1744230618835,"action":"IDE_DEACTIVATED"}
{"ts":1744230628760,"action":"IDE_ACTIVATED"}
{"ts":1744230727122,"action":"IDE_DEACTIVATED"}
{"ts":1744230736422,"action":"IDE_ACTIVATED"}
{"ts":1744230780332,"action":"IDE_DEACTIVATED"}
{"ts":1744230787473,"action":"IDE_ACTIVATED"}
{"ts":1744231111075,"action":"IDE_DEACTIVATED"}
{"ts":1744231121031,"action":"IDE_ACTIVATED"}
{"ts":1744231260387,"action":"IDE_DEACTIVATED"}
{"ts":1744231274776,"action":"IDE_ACTIVATED"}
{"ts":1744231460996,"action":"IDE_DEACTIVATED"}
{"ts":1744231472799,"action":"IDE_ACTIVATED"}
{"ts":1744231487080,"action":"IDE_DEACTIVATED"}
{"ts":1744231493542,"action":"IDE_ACTIVATED"}
{"ts":1744231603248,"action":"IDE_DEACTIVATED"}
{"ts":1744231609679,"action":"IDE_ACTIVATED"}
{"ts":1744232390092,"action":"IDE_DEACTIVATED"}
{"ts":1744232396755,"action":"IDE_ACTIVATED"}
{"ts":1744232615286,"action":"IDE_DEACTIVATED"}
{"ts":1744232616861,"action":"IDE_ACTIVATED"}
{"ts":1744233590900,"action":"IDE_DEACTIVATED"}
{"ts":1744233705623,"action":"IDE_ACTIVATED"}
{"ts":1744234111535,"action":"IDE_DEACTIVATED"}
{"ts":1744266562947,"action":"FILE_OPENED","file":"/src/main/java/org/example/configs/JDBCManager.java","tags":{"FILE_LINE_OF_CODE":"20"}}
{"ts":1744266562941,"action":"PROJECT_OPENED","tags":{"PROJECT_NAME":"javaHW-09-JDBC-Hib-Batis"}}
{"ts":1744266717182,"action":"IDE_DEACTIVATED"}
{"ts":1744266717301,"action":"IDE_ACTIVATED"}
{"ts":1744266788001,"action":"IDE_DEACTIVATED"}
{"ts":1744266802232,"action":"IDE_ACTIVATED"}
{"ts":1744266849135,"action":"IDE_DEACTIVATED"}
{"ts":1744268802401,"action":"IDE_ACTIVATED"}
{"ts":1744269016800,"action":"IDE_DEACTIVATED"}
{"ts":1744269055059,"action":"IDE_ACTIVATED"}
{"ts":1744270080231,"action":"IDE_DEACTIVATED"}
{"ts":1744270085022,"action":"IDE_ACTIVATED"}
{"ts":1744270721895,"action":"IDE_DEACTIVATED"}
{"ts":1744270836075,"action":"IDE_ACTIVATED"}
{"ts":1744271587980,"action":"IDE_DEACTIVATED"}
{"ts":1744271721333,"action":"IDE_ACTIVATED"}
{"ts":1744271744033,"action":"IDE_DEACTIVATED"}
{"ts":1744271773754,"action":"IDE_ACTIVATED"}
{"ts":1744272360052,"action":"IDE_DEACTIVATED"}
{"ts":1744272454724,"action":"IDE_ACTIVATED"}
{"ts":1744272514919,"action":"IDE_DEACTIVATED"}
{"ts":1744272568219,"action":"IDE_ACTIVATED"}
{"ts":1744272570438,"action":"IDE_DEACTIVATED"}
{"ts":1744272571113,"action":"IDE_ACTIVATED"}
{"ts":1744272581364,"action":"IDE_DEACTIVATED"}
{"ts":1744272588160,"action":"IDE_ACTIVATED"}
{"ts":1744272631137,"action":"IDE_DEACTIVATED"}
{"ts":1744272731154,"action":"IDE_ACTIVATED"}
{"ts":1744272759863,"action":"IDE_DEACTIVATED"}
{"ts":1744272764004,"action":"IDE_ACTIVATED"}
{"ts":1744272771018,"action":"IDE_DEACTIVATED"}
{"ts":1744272772073,"action":"IDE_ACTIVATED"}
{"ts":1744272805461,"action":"IDE_DEACTIVATED"}
{"ts":1744272831829,"action":"IDE_ACTIVATED"}
{"ts":1744273068135,"action":"IDE_DEACTIVATED"}
{"ts":1744273069728,"action":"IDE_ACTIVATED"}
{"ts":1744273097215,"action":"IDE_DEACTIVATED"}
{"ts":1744273121018,"action":"IDE_ACTIVATED"}
{"ts":1744273131765,"action":"IDE_DEACTIVATED"}
{"ts":1744273241163,"action":"FILE_OPENED","file":"/src/main/java/org/example/configs/JDBCManager.java","tags":{"FILE_LINE_OF_CODE":"20"}}
{"ts":1744273242561,"action":"PROJECT_OPENED","tags":{"PROJECT_NAME":"javaHW-09-JDBC-Hib-Batis"}}
{"ts":1744273546654,"action":"IDE_DEACTIVATED"}
{"ts":1744273623361,"action":"IDE_ACTIVATED"}
{"ts":1744273661643,"action":"IDE_DEACTIVATED"}
{"ts":1744273667629,"action":"IDE_ACTIVATED"}
{"ts":1744273672275,"action":"IDE_DEACTIVATED"}
{"ts":1744273686678,"action":"IDE_ACTIVATED"}
{"ts":1744273714896,"action":"IDE_DEACTIVATED"}
{"ts":1744273717408,"action":"IDE_ACTIVATED"}
{"ts":1744273719102,"action":"IDE_DEACTIVATED"}
{"ts":1744273721662,"action":"IDE_ACTIVATED"}
{"ts":1744273722362,"action":"IDE_DEACTIVATED"}
{"ts":1744273723075,"action":"IDE_ACTIVATED"}
{"ts":1744273724677,"action":"IDE_DEACTIVATED"}
{"ts":1744273729542,"action":"IDE_ACTIVATED"}
{"ts":1744273764420,"action":"IDE_DEACTIVATED"}
{"ts":1744273774441,"action":"IDE_ACTIVATED"}
{"ts":1744273788501,"action":"IDE_DEACTIVATED"}
{"ts":1744273794323,"action":"IDE_ACTIVATED"}
{"ts":1744273845928,"action":"IDE_DEACTIVATED"}
{"ts":1744273856531,"action":"IDE_ACTIVATED"}
{"ts":1744274029227,"action":"IDE_DEACTIVATED"}
{"ts":1744274045250,"action":"IDE_ACTIVATED"}
{"ts":1744274093291,"action":"IDE_DEACTIVATED"}
{"ts":1744274098198,"action":"IDE_ACTIVATED"}
{"ts":1744274103618,"action":"FILE_CLOSED","file":"/src/main/java/org/example/configs/JDBCManager.java","tags":{"FILE_LINE_OF_CODE":"20"}}
{"ts":1744274103618,"action":"FILE_OPENED","file":"/src/main/java/org/example/Main.java","tags":{"FILE_LINE_OF_CODE":"36"}}
{"ts":1744274122825,"action":"IDE_DEACTIVATED"}
{"ts":1744274122934,"action":"IDE_ACTIVATED"}
{"ts":1744274400330,"action":"IDE_DEACTIVATED"}
{"ts":1744274507967,"action":"IDE_ACTIVATED"}
{"ts":1744274551037,"action":"IDE_DEACTIVATED"}
{"ts":1744274576592,"action":"IDE_ACTIVATED"}
{"ts":1744274585762,"action":"IDE_DEACTIVATED"}
{"ts":1744274596717,"action":"IDE_ACTIVATED"}
{"ts":1744274637014,"action":"IDE_DEACTIVATED"}
{"ts":1744274724895,"action":"IDE_ACTIVATED"}
{"ts":1744274794553,"action":"IDE_DEACTIVATED"}
{"ts":1744274813700,"action":"IDE_ACTIVATED"}
{"ts":1744275773958,"action":"IDE_DEACTIVATED"}
{"ts":1744275858519,"action":"IDE_ACTIVATED"}
{"ts":1744275872616,"action":"IDE_DEACTIVATED"}
{"ts":1744275939516,"action":"IDE_ACTIVATED"}
{"ts":1744275977037,"action":"IDE_DEACTIVATED"}
{"ts":1744275983198,"action":"IDE_ACTIVATED"}
{"ts":1744276024015,"action":"IDE_DEACTIVATED"}
{"ts":1744276038636,"action":"IDE_ACTIVATED"}
{"ts":1744276240704,"action":"IDE_DEACTIVATED"}
{"ts":1744276270020,"action":"IDE_ACTIVATED"}
{"ts":1744276470371,"action":"IDE_DEACTIVATED"}
{"ts":1744276471028,"action":"IDE_ACTIVATED"}
{"ts":1744276471449,"action":"IDE_DEACTIVATED"}
{"ts":1744276475121,"action":"IDE_ACTIVATED"}
{"ts":1744276478683,"action":"PROJECT_CLOSED","tags":{"PROJECT_NAME":"javaHW-09-JDBC-Hib-Batis"}}
{"ts":1744352803143,"action":"FILE_OPENED","file":"/src/main/java/org/example/Main.java","tags":{"FILE_LINE_OF_CODE":"36"}}
{"ts":1744352803209,"action":"PROJECT_OPENED","tags":{"PROJECT_NAME":"javaHW-09-JDBC-Hib-Batis"}}
{"ts":1744352817109,"action":"FILE_CLOSED","file":"/src/main/java/org/example/Main.java","tags":{"FILE_LINE_OF_CODE":"36"}}
{"ts":1744352817138,"action":"FILE_OPENED","file":"/src/main/java/org/example/repositories/hibernate/HibernateBrandCarRepository.java","tags":{"FILE_LINE_OF_CODE":"77"}}
{"ts":1744353854500,"action":"IDE_DEACTIVATED"}
{"ts":1744353856155,"action":"IDE_ACTIVATED"}
{"ts":1744354084938,"action":"IDE_DEACTIVATED"}
{"ts":1744354148144,"action":"IDE_ACTIVATED"}
{"ts":1744354245645,"action":"IDE_DEACTIVATED"}
{"ts":1744354295595,"action":"IDE_ACTIVATED"}
{"ts":1744354864605,"action":"IDE_DEACTIVATED"}
{"ts":1744354869405,"action":"IDE_ACTIVATED"}
{"ts":1744357902560,"action":"IDE_DEACTIVATED"}
{"ts":1744357924937,"action":"IDE_ACTIVATED"}
{"ts":1744357961813,"action":"IDE_DEACTIVATED"}
{"ts":1744357961908,"action":"IDE_ACTIVATED"}
{"ts":1744358391401,"action":"IDE_DEACTIVATED"}
{"ts":1744358398750,"action":"IDE_ACTIVATED"}
{"ts":1744358508822,"action":"IDE_DEACTIVATED"}
{"ts":1744358511299,"action":"IDE_ACTIVATED"}
{"ts":1744358512345,"action":"IDE_DEACTIVATED"}
{"ts":1744358514933,"action":"IDE_ACTIVATED"}
{"ts":1744358520852,"action":"FILE_CLOSED","file":"/src/main/java/org/example/repositories/hibernate/HibernateBrandCarRepository.java","tags":{"FILE_LINE_OF_CODE":"77"}}
{"ts":1744358520905,"action":"FILE_OPENED","file":"/src/main/java/org/example/repositories/jdbc/JDBCTaskRepository.java","tags":{"FILE_LINE_OF_CODE":"129"}}
{"ts":1744361393991,"action":"IDE_DEACTIVATED"}
{"ts":1744361395834,"action":"IDE_ACTIVATED"}
{"ts":1744361413068,"action":"FILE_CLOSED","file":"/src/main/java/org/example/repositories/jdbc/JDBCTaskRepository.java","tags":{"FILE_LINE_OF_CODE":"129"}}
{"ts":1744361413101,"action":"FILE_OPENED","file":"/src/main/java/org/example/repositories/jdbc/JDBCHouseRepository.java","tags":{"FILE_LINE_OF_CODE":"187"}}
{"ts":1744361517191,"action":"IDE_DEACTIVATED"}
{"ts":1744361520040,"action":"IDE_ACTIVATED"}
{"ts":1744361524555,"action":"FILE_CLOSED","file":"/src/main/java/org/example/repositories/jdbc/JDBCHouseRepository.java","tags":{"FILE_LINE_OF_CODE":"187"}}
{"ts":1744361524693,"action":"FILE_OPENED","file":"/src/main/java/org/example/repositories/jdbc/JDBCEmployeeRepository.java","tags":{"FILE_LINE_OF_CODE":"134"}}
{"ts":1744362989380,"action":"IDE_DEACTIVATED"}
{"ts":1744362991126,"action":"IDE_ACTIVATED"}
{"ts":1744363414105,"action":"IDE_DEACTIVATED"}
{"ts":1744363415093,"action":"IDE_ACTIVATED"}
{"ts":1744363416049,"action":"IDE_DEACTIVATED"}
{"ts":1744363417812,"action":"IDE_ACTIVATED"}
{"ts":1744363426858,"action":"FILE_CLOSED","file":"/src/main/java/org/example/repositories/jdbc/JDBCEmployeeRepository.java","tags":{"FILE_LINE_OF_CODE":"134"}}
{"ts":1744363426899,"action":"FILE_OPENED","file":"/src/main/java/org/example/repositories/jdbc/JDBCStreetRepository.java","tags":{"FILE_LINE_OF_CODE":"145"}}
{"ts":1744363430463,"action":"FILE_CLOSED","file":"/src/main/java/org/example/repositories/jdbc/JDBCStreetRepository.java","tags":{"FILE_LINE_OF_CODE":"145"}}
{"ts":1744363430463,"action":"FILE_OPENED","file":"/src/main/java/org/example/repositories/jdbc/JDBCEmployeeRepository.java","tags":{"FILE_LINE_OF_CODE":"134"}}
{"ts":1744363434842,"action":"FILE_CLOSED","file":"/src/main/java/org/example/repositories/jdbc/JDBCEmployeeRepository.java","tags":{"FILE_LINE_OF_CODE":"134"}}
{"ts":1744363434842,"action":"FILE_OPENED","file":"/src/main/java/org/example/repositories/jdbc/JDBCHouseRepository.java","tags":{"FILE_LINE_OF_CODE":"187"}}
{"ts":1744363667983,"action":"IDE_DEACTIVATED"}
{"ts":1744363769804,"action":"IDE_ACTIVATED"}
{"ts":1744364875824,"action":"IDE_DEACTIVATED"}
{"ts":1744364879171,"action":"IDE_ACTIVATED"}
{"ts":1744364879919,"action":"IDE_DEACTIVATED"}
{"ts":1744364882461,"action":"IDE_ACTIVATED"}
{"ts":1744364895366,"action":"FILE_CLOSED","file":"/src/main/java/org/example/repositories/jdbc/JDBCHouseRepository.java","tags":{"FILE_LINE_OF_CODE":"187"}}
{"ts":1744364895366,"action":"FILE_OPENED","file":"/src/main/java/org/example/repositories/jdbc/JDBCTaskRepository.java","tags":{"FILE_LINE_OF_CODE":"129"}}
{"ts":1744365343821,"action":"IDE_DEACTIVATED"}
{"ts":1744365424203,"action":"IDE_ACTIVATED"}
{"ts":1744365477935,"action":"IDE_DEACTIVATED"}
{"ts":1744365480665,"action":"IDE_ACTIVATED"}
{"ts":1744365804407,"action":"IDE_DEACTIVATED"}
{"ts":1744366164695,"action":"IDE_ACTIVATED"}
{"ts":1744366168792,"action":"IDE_DEACTIVATED"}
{"ts":1744366183454,"action":"IDE_ACTIVATED"}
{"ts":1744366259170,"action":"IDE_DEACTIVATED"}
{"ts":1744366274815,"action":"IDE_ACTIVATED"}
{"ts":1744366297958,"action":"IDE_DEACTIVATED"}
{"ts":1744366343718,"action":"IDE_ACTIVATED"}
{"ts":1744366629995,"action":"IDE_DEACTIVATED"}
{"ts":1744366640528,"action":"IDE_ACTIVATED"}
{"ts":1744366705240,"action":"IDE_DEACTIVATED"}
{"ts":1744366706607,"action":"IDE_ACTIVATED"}
{"ts":1744366913219,"action":"IDE_DEACTIVATED"}
{"ts":1744366917195,"action":"IDE_ACTIVATED"}
{"ts":1744370334937,"action":"IDE_DEACTIVATED"}
{"ts":1744370338797,"action":"IDE_ACTIVATED"}
{"ts":1744372974231,"action":"IDE_DEACTIVATED"}
{"ts":1744372979959,"action":"IDE_ACTIVATED"}
{"ts":1744378580273,"action":"IDE_DEACTIVATED"}
{"ts":1744378581326,"action":"IDE_ACTIVATED"}
{"ts":1744378582714,"action":"IDE_DEACTIVATED"}
{"ts":1744378625645,"action":"IDE_ACTIVATED"}
{"ts":1744378635460,"action":"IDE_DEACTIVATED"}
{"ts":1744378636709,"action":"IDE_ACTIVATED"}
{"ts":1744378863811,"action":"IDE_DEACTIVATED"}
{"ts":1744378993143,"action":"IDE_ACTIVATED"}
{"ts":1744379396947,"action":"IDE_DEACTIVATED"}
{"ts":1744379593748,"action":"IDE_ACTIVATED"}
{"ts":1744382539312,"action":"IDE_DEACTIVATED"}
{"ts":1744382542769,"action":"IDE_ACTIVATED"}
{"ts":1744384552132,"action":"IDE_DEACTIVATED"}
{"ts":1744384552235,"action":"IDE_ACTIVATED"}
{"ts":1744384559519,"action":"IDE_DEACTIVATED"}
{"ts":1744384559636,"action":"IDE_ACTIVATED"}
{"ts":1744394895033,"action":"IDE_DEACTIVATED"}
{"ts":1744395039298,"action":"IDE_ACTIVATED"}
{"ts":1744395047749,"action":"IDE_DEACTIVATED"}
{"ts":1744395053907,"action":"IDE_ACTIVATED"}
{"ts":1744395807851,"action":"FILE_OPENED","file":"/src/main/java/org/example/repositories/jdbc/JDBCTaskRepository.java","tags":{"FILE_LINE_OF_CODE":"129"}}
{"ts":1744395808651,"action":"PROJECT_OPENED","tags":{"PROJECT_NAME":"javaHW-09-JDBC-Hib-Batis"}}
{"ts":1744396054086,"action":"IDE_DEACTIVATED"}
{"ts":1744396057749,"action":"IDE_ACTIVATED"}
{"ts":1744397863719,"action":"IDE_DEACTIVATED"}
{"ts":1744397897489,"action":"IDE_ACTIVATED"}
{"ts":1744398003959,"action":"IDE_DEACTIVATED"}
{"ts":1744398514131,"action":"IDE_ACTIVATED"}
{"ts":1744399971570,"action":"IDE_DEACTIVATED"}
{"ts":1744399977163,"action":"IDE_ACTIVATED"}
{"ts":1744399987005,"action":"FILE_CLOSED","file":"/src/main/java/org/example/repositories/jdbc/JDBCTaskRepository.java","tags":{"FILE_LINE_OF_CODE":"129"}}
{"ts":1744399987071,"action":"FILE_OPENED","file":"/src/main/java/org/example/repositories/jdbc/JDBCBrandRepository.java","tags":{"FILE_LINE_OF_CODE":"204"}}
{"ts":1744401111719,"action":"IDE_DEACTIVATED"}
{"ts":1744401115334,"action":"IDE_ACTIVATED"}
{"ts":1744401146833,"action":"IDE_DEACTIVATED"}
{"ts":1744401149136,"action":"IDE_ACTIVATED"}
{"ts":1744401167392,"action":"IDE_DEACTIVATED"}
{"ts":1744401168812,"action":"IDE_ACTIVATED"}
{"ts":1744401169615,"action":"IDE_DEACTIVATED"}
{"ts":1744401341643,"action":"IDE_ACTIVATED"}
{"ts":1744405571106,"action":"IDE_DEACTIVATED"}
{"ts":1744405631478,"action":"IDE_ACTIVATED"}
{"ts":1744406517222,"action":"IDE_DEACTIVATED"}
{"ts":1744439350780,"action":"FILE_OPENED","file":"/src/main/java/org/example/repositories/jdbc/JDBCBrandRepository.java","tags":{"FILE_LINE_OF_CODE":"204"}}
{"ts":1744439351040,"action":"PROJECT_OPENED","tags":{"PROJECT_NAME":"javaHW-09-JDBC-Hib-Batis"}}
{"ts":1744445806436,"action":"IDE_DEACTIVATED"}
{"ts":1744445827512,"action":"IDE_ACTIVATED"}
{"ts":1744447095403,"action":"IDE_DEACTIVATED"}
{"ts":1744447098645,"action":"IDE_ACTIVATED"}
{"ts":1744448355420,"action":"IDE_DEACTIVATED"}
{"ts":1744448355530,"action":"IDE_ACTIVATED"}
{"ts":1744448573991,"action":"IDE_DEACTIVATED"}
{"ts":1744448579023,"action":"IDE_ACTIVATED"}
{"ts":1744449105103,"action":"FILE_OPENED","file":"/src/main/java/org/example/repositories/jdbc/JDBCBrandRepository.java","tags":{"FILE_LINE_OF_CODE":"204"}}
{"ts":1744449105095,"action":"PROJECT_OPENED","tags":{"PROJECT_NAME":"javaHW-09-JDBC-Hib-Batis"}}
{"ts":1744461097884,"action":"IDE_DEACTIVATED"}
{"ts":1744461167520,"action":"IDE_ACTIVATED"}
{"ts":1744461179663,"action":"IDE_DEACTIVATED"}
{"ts":1744461378873,"action":"IDE_ACTIVATED"}
{"ts":1744461399887,"action":"IDE_DEACTIVATED"}
{"ts":1744461498456,"action":"IDE_ACTIVATED"}
{"ts":1744461539789,"action":"IDE_DEACTIVATED"}
{"ts":1744461588890,"action":"IDE_ACTIVATED"}
{"ts":1744472249042,"action":"IDE_DEACTIVATED"}
{"ts":1744472251218,"action":"IDE_ACTIVATED"}
{"ts":1744472380389,"action":"IDE_DEACTIVATED"}
{"ts":1744472386159,"action":"IDE_ACTIVATED"}
{"ts":1744472572375,"action":"IDE_DEACTIVATED"}
{"ts":1744472573106,"action":"IDE_ACTIVATED"}
{"ts":1744472573906,"action":"IDE_DEACTIVATED"}
{"ts":1744472575273,"action":"IDE_ACTIVATED"}
{"ts":1744472629088,"action":"IDE_DEACTIVATED"}
{"ts":1744472630757,"action":"IDE_ACTIVATED"}
{"ts":1744472631320,"action":"IDE_DEACTIVATED"}
{"ts":1744472634117,"action":"IDE_ACTIVATED"}
{"ts":1744472709504,"action":"IDE_DEACTIVATED"}
{"ts":1744472710560,"action":"IDE_ACTIVATED"}
{"ts":1744472711193,"action":"IDE_DEACTIVATED"}
{"ts":1744472712299,"action":"IDE_ACTIVATED"}
{"ts":1744472911100,"action":"IDE_DEACTIVATED"}
{"ts":1744473149066,"action":"IDE_ACTIVATED"}
{"ts":1744473313969,"action":"IDE_DEACTIVATED"}
{"ts":1744473314552,"action":"IDE_ACTIVATED"}
{"ts":1744473315464,"action":"IDE_DEACTIVATED"}
{"ts":1744473316972,"action":"IDE_ACTIVATED"}
{"ts":1744473484437,"action":"IDE_DEACTIVATED"}
{"ts":1744473490887,"action":"IDE_ACTIVATED"}
{"ts":1744473506397,"action":"IDE_DEACTIVATED"}
{"ts":1744473508416,"action":"IDE_ACTIVATED"}
{"ts":1744473552494,"action":"IDE_DEACTIVATED"}
{"ts":1744473825916,"action":"IDE_ACTIVATED"}
{"ts":1744473848447,"action":"IDE_DEACTIVATED"}
{"ts":1744474150365,"action":"IDE_ACTIVATED"}
{"ts":1744474153903,"action":"IDE_DEACTIVATED"}
{"ts":1744474156132,"action":"IDE_ACTIVATED"}
{"ts":1744474173003,"action":"IDE_DEACTIVATED"}
{"ts":1744474191648,"action":"IDE_ACTIVATED"}
{"ts":1744474336678,"action":"IDE_DEACTIVATED"}
{"ts":1744474336771,"action":"IDE_ACTIVATED"}
{"ts":1744474432458,"action":"IDE_DEACTIVATED"}
{"ts":1744474553050,"action":"IDE_ACTIVATED"}
{"ts":1744475170591,"action":"IDE_DEACTIVATED"}
{"ts":1744475348477,"action":"IDE_ACTIVATED"}
{"ts":1744475354906,"action":"IDE_DEACTIVATED"}
{"ts":1744475356322,"action":"IDE_ACTIVATED"}
{"ts":1744475454283,"action":"IDE_DEACTIVATED"}
{"ts":1744475462404,"action":"IDE_ACTIVATED"}
{"ts":1744475716166,"action":"IDE_DEACTIVATED"}
{"ts":1744475871144,"action":"IDE_ACTIVATED"}
{"ts":1744475874123,"action":"IDE_DEACTIVATED"}
{"ts":1744475875939,"action":"IDE_ACTIVATED"}
{"ts":1744475882050,"action":"IDE_DEACTIVATED"}
{"ts":1744475882205,"action":"IDE_ACTIVATED"}
{"ts":1744476511471,"action":"IDE_DEACTIVATED"}
{"ts":1744476608767,"action":"IDE_ACTIVATED"}
{"ts":1744476902022,"action":"IDE_DEACTIVATED"}
{"ts":1744476905516,"action":"IDE_ACTIVATED"}
{"ts":1744477537509,"action":"IDE_DEACTIVATED"}
{"ts":1744477688068,"action":"IDE_ACTIVATED"}
{"ts":1744477780823,"action":"IDE_DEACTIVATED"}
{"ts":1744477827141,"action":"IDE_ACTIVATED"}
{"ts":1744477882182,"action":"IDE_DEACTIVATED"}
{"ts":1744477903435,"action":"IDE_ACTIVATED"}
{"ts":1744477945811,"action":"IDE_DEACTIVATED"}
{"ts":1744477999729,"action":"IDE_ACTIVATED"}
{"ts":1744478169490,"action":"IDE_DEACTIVATED"}
{"ts":1744478294596,"action":"IDE_ACTIVATED"}
{"ts":1744478375384,"action":"IDE_DEACTIVATED"}
{"ts":1744478710658,"action":"IDE_ACTIVATED"}
{"ts":1744478796012,"action":"IDE_DEACTIVATED"}
{"ts":1744479951757,"action":"IDE_ACTIVATED"}
{"ts":1744480184447,"action":"IDE_DEACTIVATED"}
{"ts":1744480591344,"action":"IDE_ACTIVATED"}
{"ts":1744480596645,"action":"IDE_DEACTIVATED"}
{"ts":1744480599079,"action":"IDE_ACTIVATED"}
{"ts":1744480603359,"action":"IDE_DEACTIVATED"}
{"ts":1744480603474,"action":"IDE_ACTIVATED"}
{"ts":1744480689073,"action":"IDE_DEACTIVATED"}
{"ts":1744480744740,"action":"IDE_ACTIVATED"}
{"ts":1744481979002,"action":"IDE_DEACTIVATED"}
{"ts":1744482215730,"action":"IDE_ACTIVATED"}
{"ts":1744482223903,"action":"IDE_DEACTIVATED"}
{"ts":1744482225599,"action":"IDE_ACTIVATED"}
{"ts":1744482266498,"action":"IDE_DEACTIVATED"}
{"ts":1744482275161,"action":"IDE_ACTIVATED"}
{"ts":1744485618434,"action":"IDE_DEACTIVATED"}
{"ts":1744485622437,"action":"IDE_ACTIVATED"}
{"ts":1744486556556,"action":"IDE_DEACTIVATED"}
{"ts":1744486731414,"action":"IDE_ACTIVATED"}
{"ts":1744487130421,"action":"IDE_DEACTIVATED"}
{"ts":1744487238499,"action":"IDE_ACTIVATED"}
{"ts":1744487241900,"action":"IDE_DEACTIVATED"}
{"ts":1744487317781,"action":"IDE_ACTIVATED"}
{"ts":1744487908880,"action":"IDE_DEACTIVATED"}
{"ts":1744487910170,"action":"IDE_ACTIVATED"}
{"ts":1744489370424,"action":"IDE_DEACTIVATED"}
{"ts":1744489440350,"action":"IDE_ACTIVATED"}
{"ts":1744494681032,"action":"PROJECT_CLOSED","tags":{"PROJECT_NAME":"javaHW-09-JDBC-Hib-Batis"}}
{"ts":1744644642462,"action":"FILE_OPENED","file":"/src/main/java/org/example/repositories/jdbc/JDBCBrandRepository.java","tags":{"FILE_LINE_OF_CODE":"204"}}
{"ts":1744644642554,"action":"PROJECT_OPENED","tags":{"PROJECT_NAME":"javaHW-09-JDBC-Hib-Batis"}}
{"ts":1744644646996,"action":"FILE_CLOSED","file":"/src/main/java/org/example/repositories/jdbc/JDBCBrandRepository.java","tags":{"FILE_LINE_OF_CODE":"204"}}
{"ts":1744644647048,"action":"FILE_OPENED","file":"/pom.xml","tags":{"FILE_LINE_OF_CODE":"205"}}
{"ts":1744645230653,"action":"IDE_DEACTIVATED"}
{"ts":1744645543824,"action":"IDE_ACTIVATED"}
{"ts":1744645694914,"action":"IDE_DEACTIVATED"}
{"ts":1744645705979,"action":"IDE_ACTIVATED"}
{"ts":1744646176012,"action":"IDE_DEACTIVATED"}
{"ts":1744646178957,"action":"IDE_ACTIVATED"}
{"ts":1744646309408,"action":"IDE_DEACTIVATED"}
{"ts":1744646647168,"action":"IDE_ACTIVATED"}
{"ts":1744646659623,"action":"IDE_DEACTIVATED"}
{"ts":1744646666345,"action":"IDE_ACTIVATED"}
{"ts":1744646687215,"action":"IDE_DEACTIVATED"}
{"ts":1744646691830,"action":"IDE_ACTIVATED"}
{"ts":1744646717239,"action":"IDE_DEACTIVATED"}
{"ts":1744646727285,"action":"IDE_ACTIVATED"}
{"ts":1744646797314,"action":"IDE_DEACTIVATED"}
{"ts":1744646808663,"action":"IDE_ACTIVATED"}
{"ts":1744648100842,"action":"IDE_DEACTIVATED"}
{"ts":1744648108381,"action":"IDE_ACTIVATED"}
{"ts":1744648327169,"action":"IDE_DEACTIVATED"}
{"ts":1744653399655,"action":"IDE_ACTIVATED"}
{"ts":1744653438070,"action":"IDE_DEACTIVATED"}
{"ts":1744653440581,"action":"IDE_ACTIVATED"}
{"ts":1744653447231,"action":"IDE_DEACTIVATED"}
{"ts":1744653461368,"action":"IDE_ACTIVATED"}
{"ts":1744653524061,"action":"IDE_DEACTIVATED"}
{"ts":1744653528539,"action":"IDE_ACTIVATED"}
{"ts":1744653534327,"action":"IDE_DEACTIVATED"}
{"ts":1744653534460,"action":"IDE_ACTIVATED"}
{"ts":1744653543435,"action":"IDE_DEACTIVATED"}
{"ts":1744653543530,"action":"IDE_ACTIVATED"}
{"ts":1744655015953,"action":"IDE_DEACTIVATED"}
{"ts":1744655019151,"action":"IDE_ACTIVATED"}
{"ts":1744655102042,"action":"IDE_DEACTIVATED"}
{"ts":1744655103227,"action":"IDE_ACTIVATED"}
{"ts":1744655142137,"action":"IDE_DEACTIVATED"}
{"ts":1744655143531,"action":"IDE_ACTIVATED"}
{"ts":1744655146780,"action":"IDE_DEACTIVATED"}
{"ts":1744655146884,"action":"IDE_ACTIVATED"}
{"ts":1744655165944,"action":"IDE_DEACTIVATED"}
{"ts":1744655170393,"action":"IDE_ACTIVATED"}
{"ts":1744655172459,"action":"FILE_CLOSED","file":"/pom.xml","tags":{"FILE_LINE_OF_CODE":"127"}}
{"ts":1744655206195,"action":"IDE_DEACTIVATED"}
{"ts":1744655206300,"action":"IDE_ACTIVATED"}
{"ts":1744655212282,"action":"IDE_DEACTIVATED"}
{"ts":1744655212382,"action":"IDE_ACTIVATED"}
{"ts":1744655239365,"action":"IDE_DEACTIVATED"}
{"ts":1744655239463,"action":"IDE_ACTIVATED"}
{"ts":1744655261367,"action":"IDE_DEACTIVATED"}
{"ts":1744655261460,"action":"IDE_ACTIVATED"}
{"ts":1744655445634,"action":"FILE_OPENED","file":"/README.md","tags":{"FILE_LINE_OF_CODE":"124"}}
{"ts":1744655455168,"action":"FILE_CLOSED","file":"/README.md","tags":{"FILE_LINE_OF_CODE":"124"}}
{"ts":1744655455199,"action":"FILE_OPENED","file":"/src/main/java/org/example/Main.java","tags":{"FILE_LINE_OF_CODE":"22"}}
{"ts":1744655477621,"action":"FILE_CLOSED","file":"/src/main/java/org/example/Main.java","tags":{"FILE_LINE_OF_CODE":"22"}}
{"ts":1744655477650,"action":"FILE_OPENED","file":"/src/main/java/org/example/configs/HibernateManager.java","tags":{"FILE_LINE_OF_CODE":"23"}}
{"ts":1744655480805,"action":"FILE_CLOSED","file":"/src/main/java/org/example/configs/HibernateManager.java","tags":{"FILE_LINE_OF_CODE":"23"}}
{"ts":1744655480833,"action":"FILE_OPENED","file":"/src/main/java/org/example/repository/hibernate/HibernateMasterRepository.java","tags":{"FILE_LINE_OF_CODE":"152"}}
{"ts":1744655494502,"action":"FILE_CLOSED","file":"/src/main/java/org/example/repository/hibernate/HibernateMasterRepository.java","tags":{"FILE_LINE_OF_CODE":"152"}}
{"ts":1744655494502,"action":"FILE_OPENED","file":"/src/main/java/org/example/configs/HibernateManager.java","tags":{"FILE_LINE_OF_CODE":"23"}}
{"ts":1744655512623,"action":"IDE_DEACTIVATED"}
{"ts":1744655512726,"action":"IDE_ACTIVATED"}
{"ts":1744655528939,"action":"IDE_DEACTIVATED"}
{"ts":1744655529594,"action":"IDE_ACTIVATED"}
{"ts":1744655533020,"action":"IDE_DEACTIVATED"}
{"ts":1744655533121,"action":"IDE_ACTIVATED"}
{"ts":1744655567489,"action":"IDE_DEACTIVATED"}
{"ts":1744655575525,"action":"IDE_ACTIVATED"}
{"ts":1744655579474,"action":"IDE_DEACTIVATED"}
{"ts":1744655634370,"action":"IDE_ACTIVATED"}
{"ts":1744655640623,"action":"FILE_CLOSED","file":"/src/main/java/org/example/configs/HibernateManager.java","tags":{"FILE_LINE_OF_CODE":"23"}}
{"ts":1744655640623,"action":"FILE_OPENED","file":"/README.md","tags":{"FILE_LINE_OF_CODE":"124"}}
{"ts":1744656126741,"action":"IDE_DEACTIVATED"}
{"ts":1744656127193,"action":"IDE_ACTIVATED"}
{"ts":1744656789883,"action":"IDE_DEACTIVATED"}
{"ts":1744656818609,"action":"IDE_ACTIVATED"}
{"ts":1744656912087,"action":"FILE_CLOSED","file":"/README.md","tags":{"FILE_LINE_OF_CODE":"133"}}
{"ts":1744656919381,"action":"IDE_DEACTIVATED"}
{"ts":1744656942268,"action":"IDE_ACTIVATED"}
{"ts":1744656991264,"action":"FILE_OPENED","file":"/src/main/java/org/example/service/EmployeeService.java","tags":{"FILE_LINE_OF_CODE":"125"}}
{"ts":1744656998705,"action":"FILE_CLOSED","file":"/src/main/java/org/example/service/EmployeeService.java","tags":{"FILE_LINE_OF_CODE":"125"}}
{"ts":1744656998740,"action":"FILE_OPENED","file":"/src/test/java/org/example/service/EmployeeServiceTest.java","tags":{"FILE_LINE_OF_CODE":"11"}}
{"ts":1744657026611,"action":"FILE_CLOSED","file":"/src/test/java/org/example/service/EmployeeServiceTest.java","tags":{"FILE_LINE_OF_CODE":"12"}}
{"ts":1744657026611,"action":"FILE_OPENED","file":"/src/main/java/org/example/service/EmployeeService.java","tags":{"FILE_LINE_OF_CODE":"125"}}
{"ts":1744657092877,"action":"IDE_DEACTIVATED"}
{"ts":1744657095563,"action":"IDE_ACTIVATED"}
{"ts":1744657178045,"action":"FILE_CLOSED","file":"/src/main/java/org/example/service/EmployeeService.java","tags":{"FILE_LINE_OF_CODE":"125"}}
{"ts":1744657178079,"action":"FILE_OPENED","file":"/src/main/resources/mappers/BrandMapper.xml","tags":{"FILE_LINE_OF_CODE":"69"}}
{"ts":1744657220942,"action":"IDE_DEACTIVATED"}
{"ts":1744657221024,"action":"IDE_ACTIVATED"}
{"ts":1744657280761,"action":"FILE_CLOSED","file":"/src/main/resources/mappers/BrandMapper.xml","tags":{"FILE_LINE_OF_CODE":"69"}}
{"ts":1744657280787,"action":"FILE_OPENED","file":"/src/test/java/hibernate.cfg.xml","tags":{"FILE_LINE_OF_CODE":"33"}}
{"ts":1744657291358,"action":"FILE_CLOSED","file":"/src/test/java/hibernate.cfg.xml","tags":{"FILE_LINE_OF_CODE":"33"}}
{"ts":1744657291385,"action":"FILE_OPENED","file":"/src/test/java/mybatis-config.xml","tags":{"FILE_LINE_OF_CODE":"48"}}
{"ts":1744657423408,"action":"FILE_CLOSED","file":"/src/test/resources/mybatis-config.xml","tags":{"FILE_LINE_OF_CODE":"48"}}
{"ts":1744657423408,"action":"FILE_OPENED","file":"/src/test/resources/hibernate.cfg.xml","tags":{"FILE_LINE_OF_CODE":"33"}}
{"ts":1744657425106,"action":"FILE_CLOSED","file":"/src/test/resources/hibernate.cfg.xml","tags":{"FILE_LINE_OF_CODE":"33"}}
{"ts":1744657425106,"action":"FILE_OPENED","file":"/src/main/resources/mappers/BrandMapper.xml","tags":{"FILE_LINE_OF_CODE":"69"}}
{"ts":1744657425856,"action":"FILE_CLOSED","file":"/src/main/resources/mappers/BrandMapper.xml","tags":{"FILE_LINE_OF_CODE":"69"}}
{"ts":1744657425856,"action":"FILE_OPENED","file":"/src/main/java/org/example/service/EmployeeService.java","tags":{"FILE_LINE_OF_CODE":"125"}}
{"ts":1744657426768,"action":"FILE_CLOSED","file":"/src/main/java/org/example/service/EmployeeService.java","tags":{"FILE_LINE_OF_CODE":"125"}}
{"ts":1744657428361,"action":"FILE_OPENED","file":"/pom.xml","tags":{"FILE_LINE_OF_CODE":"127"}}
{"ts":1744657465629,"action":"FILE_CLOSED","file":"/pom.xml","tags":{"FILE_LINE_OF_CODE":"121"}}
{"ts":1744657465695,"action":"FILE_OPENED","file":"/README.md","tags":{"FILE_LINE_OF_CODE":"133"}}
{"ts":1744657571797,"action":"FILE_CLOSED","file":"/README.md","tags":{"FILE_LINE_OF_CODE":"140"}}
{"ts":1744657571838,"action":"FILE_OPENED","file":"/src/main/java/org/example/configs/HibernateManager.java","tags":{"FILE_LINE_OF_CODE":"23"}}
{"ts":1744657573125,"action":"FILE_CLOSED","file":"/src/main/java/org/example/configs/HibernateManager.java","tags":{"FILE_LINE_OF_CODE":"23"}}
{"ts":1744657573151,"action":"FILE_OPENED","file":"/src/main/java/org/example/configs/JDBCManager.java","tags":{"FILE_LINE_OF_CODE":"20"}}
{"ts":1744657578421,"action":"FILE_CLOSED","file":"/src/main/java/org/example/configs/JDBCManager.java","tags":{"FILE_LINE_OF_CODE":"20"}}
{"ts":1744657578421,"action":"FILE_OPENED","file":"/README.md","tags":{"FILE_LINE_OF_CODE":"140"}}
{"ts":1744657627496,"action":"FILE_CLOSED","file":"/README.md","tags":{"FILE_LINE_OF_CODE":"141"}}
{"ts":1744657627496,"action":"FILE_OPENED","file":"/src/main/java/org/example/configs/JDBCManager.java","tags":{"FILE_LINE_OF_CODE":"20"}}
{"ts":1744657638484,"action":"FILE_CLOSED","file":"/src/main/java/org/example/configs/JDBCManager.java","tags":{"FILE_LINE_OF_CODE":"20"}}
{"ts":1744657638484,"action":"FILE_OPENED","file":"/pom.xml","tags":{"FILE_LINE_OF_CODE":"121"}}
{"ts":1744657639332,"action":"FILE_CLOSED","file":"/pom.xml","tags":{"FILE_LINE_OF_CODE":"121"}}
{"ts":1744657639332,"action":"FILE_OPENED","file":"/README.md","tags":{"FILE_LINE_OF_CODE":"141"}}
{"ts":1744657810574,"action":"FILE_CLOSED","file":"/README.md","tags":{"FILE_LINE_OF_CODE":"150"}}
{"ts":1744657810602,"action":"FILE_OPENED","file":"/src/main/resources/hibernate.cfg.xml","tags":{"FILE_LINE_OF_CODE":"33"}}
{"ts":1744657818673,"action":"FILE_CLOSED","file":"/src/main/resources/hibernate.cfg.xml","tags":{"FILE_LINE_OF_CODE":"33"}}
{"ts":1744657818673,"action":"FILE_OPENED","file":"/pom.xml","tags":{"FILE_LINE_OF_CODE":"121"}}
{"ts":1744657819904,"action":"FILE_CLOSED","file":"/pom.xml","tags":{"FILE_LINE_OF_CODE":"121"}}
{"ts":1744657819904,"action":"FILE_OPENED","file":"/src/main/resources/hibernate.cfg.xml","tags":{"FILE_LINE_OF_CODE":"33"}}
{"ts":1744657820391,"action":"FILE_CLOSED","file":"/src/main/resources/hibernate.cfg.xml","tags":{"FILE_LINE_OF_CODE":"33"}}
{"ts":1744657820391,"action":"FILE_OPENED","file":"/src/main/java/org/example/configs/HibernateManager.java","tags":{"FILE_LINE_OF_CODE":"23"}}
{"ts":1744657821776,"action":"FILE_CLOSED","file":"/src/main/java/org/example/configs/HibernateManager.java","tags":{"FILE_LINE_OF_CODE":"23"}}
{"ts":1744657821776,"action":"FILE_OPENED","file":"/src/main/java/org/example/configs/JDBCManager.java","tags":{"FILE_LINE_OF_CODE":"20"}}
{"ts":1744657823088,"action":"FILE_CLOSED","file":"/src/main/java/org/example/configs/JDBCManager.java","tags":{"FILE_LINE_OF_CODE":"20"}}
{"ts":1744657823088,"action":"FILE_OPENED","file":"/README.md","tags":{"FILE_LINE_OF_CODE":"150"}}
{"ts":1744657882799,"action":"FILE_CLOSED","file":"/README.md","tags":{"FILE_LINE_OF_CODE":"152"}}
{"ts":1744657882799,"action":"FILE_OPENED","file":"/src/main/resources/hibernate.cfg.xml","tags":{"FILE_LINE_OF_CODE":"33"}}
{"ts":1744657888684,"action":"FILE_CLOSED","file":"/src/main/resources/hibernate.cfg.xml","tags":{"FILE_LINE_OF_CODE":"33"}}
{"ts":1744657888684,"action":"FILE_OPENED","file":"/pom.xml","tags":{"FILE_LINE_OF_CODE":"121"}}
{"ts":1744657889678,"action":"FILE_CLOSED","file":"/pom.xml","tags":{"FILE_LINE_OF_CODE":"121"}}
{"ts":1744657889678,"action":"FILE_OPENED","file":"/README.md","tags":{"FILE_LINE_OF_CODE":"152"}}
{"ts":1744657983467,"action":"FILE_CLOSED","file":"/README.md","tags":{"FILE_LINE_OF_CODE":"158"}}
{"ts":1744657983467,"action":"FILE_OPENED","file":"/src/main/resources/hibernate.cfg.xml","tags":{"FILE_LINE_OF_CODE":"33"}}
{"ts":1744658003446,"action":"FILE_CLOSED","file":"/src/main/resources/hibernate.cfg.xml","tags":{"FILE_LINE_OF_CODE":"33"}}
{"ts":1744658003446,"action":"FILE_OPENED","file":"/README.md","tags":{"FILE_LINE_OF_CODE":"158"}}
{"ts":1744658058049,"action":"IDE_DEACTIVATED"}
{"ts":1744658058834,"action":"IDE_ACTIVATED"}
{"ts":1744658066180,"action":"FILE_CLOSED","file":"/README.md","tags":{"FILE_LINE_OF_CODE":"163"}}
{"ts":1744658066180,"action":"FILE_OPENED","file":"/src/main/resources/hibernate.cfg.xml","tags":{"FILE_LINE_OF_CODE":"33"}}
{"ts":1744658073938,"action":"FILE_CLOSED","file":"/src/main/resources/hibernate.cfg.xml","tags":{"FILE_LINE_OF_CODE":"33"}}
{"ts":1744658073938,"action":"FILE_OPENED","file":"/README.md","tags":{"FILE_LINE_OF_CODE":"163"}}
{"ts":1744658166131,"action":"FILE_CLOSED","file":"/README.md","tags":{"FILE_LINE_OF_CODE":"167"}}
{"ts":1744658166131,"action":"FILE_OPENED","file":"/src/main/resources/hibernate.cfg.xml","tags":{"FILE_LINE_OF_CODE":"33"}}
{"ts":1744658180900,"action":"FILE_CLOSED","file":"/src/main/resources/hibernate.cfg.xml","tags":{"FILE_LINE_OF_CODE":"33"}}
{"ts":1744658180900,"action":"FILE_OPENED","file":"/README.md","tags":{"FILE_LINE_OF_CODE":"167"}}
{"ts":1744658208280,"action":"FILE_CLOSED","file":"/README.md","tags":{"FILE_LINE_OF_CODE":"169"}}
{"ts":1744658208334,"action":"FILE_OPENED","file":"/src/main/resources/mybatis-config.xml","tags":{"FILE_LINE_OF_CODE":"48"}}
{"ts":1744658216015,"action":"FILE_CLOSED","file":"/src/main/resources/mybatis-config.xml","tags":{"FILE_LINE_OF_CODE":"48"}}
{"ts":1744658216015,"action":"FILE_OPENED","file":"/README.md","tags":{"FILE_LINE_OF_CODE":"169"}}
{"ts":1744658318917,"action":"FILE_CLOSED","file":"/README.md","tags":{"FILE_LINE_OF_CODE":"177"}}
{"ts":1744658318949,"action":"FILE_OPENED","file":"/src/test/java/configs/JDBCManager.java","tags":{"FILE_LINE_OF_CODE":"15"}}
{"ts":1744658334092,"action":"FILE_CLOSED","file":"/src/test/java/configs/JDBCManager.java","tags":{"FILE_LINE_OF_CODE":"15"}}
{"ts":1744658334124,"action":"FILE_OPENED","file":"/src/test/java/configs/MyBatisConfig.java","tags":{"FILE_LINE_OF_CODE":"29"}}
{"ts":1744658335537,"action":"FILE_CLOSED","file":"/src/test/java/configs/MyBatisConfig.java","tags":{"FILE_LINE_OF_CODE":"29"}}
{"ts":1744658335567,"action":"FILE_OPENED","file":"/src/test/java/configs/SessionManager.java","tags":{"FILE_LINE_OF_CODE":"57"}}
{"ts":1744658339508,"action":"FILE_CLOSED","file":"/src/test/java/configs/SessionManager.java","tags":{"FILE_LINE_OF_CODE":"57"}}
{"ts":1744658339508,"action":"FILE_OPENED","file":"/src/test/java/configs/JDBCManager.java","tags":{"FILE_LINE_OF_CODE":"15"}}
{"ts":1744658341350,"action":"FILE_CLOSED","file":"/src/test/java/configs/JDBCManager.java","tags":{"FILE_LINE_OF_CODE":"15"}}
{"ts":1744658341350,"action":"FILE_OPENED","file":"/pom.xml","tags":{"FILE_LINE_OF_CODE":"121"}}
{"ts":1744658342501,"action":"FILE_CLOSED","file":"/pom.xml","tags":{"FILE_LINE_OF_CODE":"121"}}
{"ts":1744658342501,"action":"FILE_OPENED","file":"/README.md","tags":{"FILE_LINE_OF_CODE":"177"}}
{"ts":1744658560372,"action":"FILE_CLOSED","file":"/README.md","tags":{"FILE_LINE_OF_CODE":"182"}}
{"ts":1744658560372,"action":"FILE_OPENED","file":"/pom.xml","tags":{"FILE_LINE_OF_CODE":"121"}}
{"ts":1744658566853,"action":"FILE_CLOSED","file":"/pom.xml","tags":{"FILE_LINE_OF_CODE":"121"}}
{"ts":1744658569897,"action":"FILE_OPENED","file":"/src/test/java/configs/JDBCManager.java","tags":{"FILE_LINE_OF_CODE":"15"}}
{"ts":1744658573892,"action":"FILE_CLOSED","file":"/src/test/java/configs/JDBCManager.java","tags":{"FILE_LINE_OF_CODE":"15"}}
{"ts":1744658573922,"action":"FILE_OPENED","file":"/src/test/resources/hibernate.cfg.xml","tags":{"FILE_LINE_OF_CODE":"33"}}
{"ts":1744658579040,"action":"FILE_CLOSED","file":"/src/test/resources/hibernate.cfg.xml","tags":{"FILE_LINE_OF_CODE":"33"}}
{"ts":1744658579069,"action":"FILE_OPENED","file":"/src/main/java/org/example/configs/JDBCManager.java","tags":{"FILE_LINE_OF_CODE":"20"}}
{"ts":1744658596114,"action":"FILE_CLOSED","file":"/src/main/java/org/example/configs/JDBCManager.java","tags":{"FILE_LINE_OF_CODE":"20"}}
{"ts":1744658596148,"action":"FILE_OPENED","file":"/src/main/resources/logback.xml","tags":{"FILE_LINE_OF_CODE":"29"}}
{"ts":1744658603058,"action":"FILE_CLOSED","file":"/src/main/resources/logback.xml","tags":{"FILE_LINE_OF_CODE":"29"}}
{"ts":1744658603110,"action":"FILE_OPENED","file":"/src/main/resources/mybatis-config.xml","tags":{"FILE_LINE_OF_CODE":"48"}}
{"ts":1744658615975,"action":"FILE_CLOSED","file":"/src/main/resources/mybatis-config.xml","tags":{"FILE_LINE_OF_CODE":"48"}}
{"ts":1744658616006,"action":"FILE_OPENED","file":"/src/main/resources/hibernate.cfg.xml","tags":{"FILE_LINE_OF_CODE":"33"}}
{"ts":1744658635714,"action":"FILE_CLOSED","file":"/src/main/resources/hibernate.cfg.xml","tags":{"FILE_LINE_OF_CODE":"33"}}
{"ts":1744658635714,"action":"FILE_OPENED","file":"/src/main/resources/logback.xml","tags":{"FILE_LINE_OF_CODE":"29"}}
{"ts":1744658637016,"action":"FILE_CLOSED","file":"/src/main/resources/logback.xml","tags":{"FILE_LINE_OF_CODE":"29"}}
